{"$message_type":"diagnostic","message":"failed to resolve: use of unresolved module or unlinked crate `crossbeam`","code":{"code":"E0433","explanation":"An undeclared crate, module, or type was used.\n\nErroneous code example:\n\n```compile_fail,E0433\nlet map = HashMap::new();\n// error: failed to resolve: use of undeclared type `HashMap`\n```\n\nPlease verify you didn't misspell the type/module's name or that you didn't\nforget to import it:\n\n```\nuse std::collections::HashMap; // HashMap has been imported.\nlet map: HashMap<u32, u32> = HashMap::new(); // So it can be used!\n```\n\nIf you've expected to use a crate name:\n\n```compile_fail\nuse ferris_wheel::BigO;\n// error: failed to resolve: use of undeclared module or unlinked crate\n```\n\nMake sure the crate has been added as a dependency in `Cargo.toml`.\n\nTo use a module from your current crate, add the `crate::` prefix to the path.\n"},"level":"error","spans":[{"file_name":"me/src/main.rs","byte_start":75,"byte_end":84,"line_start":5,"line_end":5,"column_start":5,"column_end":14,"is_primary":true,"text":[{"text":"use crossbeam::channel::{unbounded, Receiver, Sender};","highlight_start":5,"highlight_end":14}],"label":"use of unresolved module or unlinked crate `crossbeam`","suggested_replacement":null,"suggestion_applicability":null,"expansion":null}],"children":[{"message":"if you wanted to use a crate named `crossbeam`, use `cargo add crossbeam` to add it to your `Cargo.toml`","code":null,"level":"help","spans":[],"children":[],"rendered":null}],"rendered":"\u001b[1m\u001b[91merror[E0433]\u001b[0m\u001b[1m: failed to resolve: use of unresolved module or unlinked crate `crossbeam`\u001b[0m\n \u001b[1m\u001b[94m--> \u001b[0mme/src/main.rs:5:5\n  \u001b[1m\u001b[94m|\u001b[0m\n\u001b[1m\u001b[94m5\u001b[0m \u001b[1m\u001b[94m|\u001b[0m use crossbeam::channel::{unbounded, Receiver, Sender};\n  \u001b[1m\u001b[94m|\u001b[0m     \u001b[1m\u001b[91m^^^^^^^^^\u001b[0m \u001b[1m\u001b[91muse of unresolved module or unlinked crate `crossbeam`\u001b[0m\n  \u001b[1m\u001b[94m|\u001b[0m\n  \u001b[1m\u001b[94m= \u001b[0m\u001b[1mhelp\u001b[0m: if you wanted to use a crate named `crossbeam`, use `cargo add crossbeam` to add it to your `Cargo.toml`\n\n"}
{"$message_type":"diagnostic","message":"expected value, found enum `Side`","code":{"code":"E0423","explanation":"An identifier was used like a function name or a value was expected and the\nidentifier exists but it belongs to a different namespace.\n\nErroneous code example:\n\n```compile_fail,E0423\nstruct Foo { a: bool };\n\nlet f = Foo();\n// error: expected function, tuple struct or tuple variant, found `Foo`\n// `Foo` is a struct name, but this expression uses it like a function name\n```\n\nPlease verify you didn't misspell the name of what you actually wanted to use\nhere. Example:\n\n```\nfn Foo() -> u32 { 0 }\n\nlet f = Foo(); // ok!\n```\n\nIt is common to forget the trailing `!` on macro invocations, which would also\nyield this error:\n\n```compile_fail,E0423\nprintln(\"\");\n// error: expected function, tuple struct or tuple variant,\n// found macro `println`\n// did you mean `println!(...)`? (notice the trailing `!`)\n```\n\nAnother case where this error is emitted is when a value is expected, but\nsomething else is found:\n\n```compile_fail,E0423\npub mod a {\n    pub const I: i32 = 1;\n}\n\nfn h1() -> i32 {\n    a.I\n    //~^ ERROR expected value, found module `a`\n    // did you mean `a::I`?\n}\n```\n"},"level":"error","spans":[{"file_name":"me/src/order_book.rs","byte_start":659,"byte_end":663,"line_start":24,"line_end":24,"column_start":26,"column_end":30,"is_primary":true,"text":[{"text":"        if taker.side == Side.Buy {","highlight_start":26,"highlight_end":30}],"label":null,"suggested_replacement":null,"suggestion_applicability":null,"expansion":null}],"children":[{"message":"use the path separator to refer to a variant","code":null,"level":"help","spans":[{"file_name":"me/src/order_book.rs","byte_start":663,"byte_end":664,"line_start":24,"line_end":24,"column_start":30,"column_end":31,"is_primary":true,"text":[{"text":"        if taker.side == Side.Buy {","highlight_start":30,"highlight_end":31}],"label":null,"suggested_replacement":"::","suggestion_applicability":"MaybeIncorrect","expansion":null}],"children":[],"rendered":null}],"rendered":"\u001b[1m\u001b[91merror[E0423]\u001b[0m\u001b[1m: expected value, found enum `Side`\u001b[0m\n  \u001b[1m\u001b[94m--> \u001b[0mme/src/order_book.rs:24:26\n   \u001b[1m\u001b[94m|\u001b[0m\n\u001b[1m\u001b[94m24\u001b[0m \u001b[1m\u001b[94m|\u001b[0m         if taker.side == Side.Buy {\n   \u001b[1m\u001b[94m|\u001b[0m                          \u001b[1m\u001b[91m^^^^\u001b[0m\n   \u001b[1m\u001b[94m|\u001b[0m\n\u001b[1m\u001b[96mhelp\u001b[0m: use the path separator to refer to a variant\n   \u001b[1m\u001b[94m|\u001b[0m\n\u001b[1m\u001b[94m24\u001b[0m \u001b[91m- \u001b[0m        if taker.side == Side\u001b[91m.\u001b[0mBuy {\n\u001b[1m\u001b[94m24\u001b[0m \u001b[92m+ \u001b[0m        if taker.side == Side\u001b[92m::\u001b[0mBuy {\n   \u001b[1m\u001b[94m|\u001b[0m\n\n"}
{"$message_type":"diagnostic","message":"expected value, found enum `Side`","code":{"code":"E0423","explanation":"An identifier was used like a function name or a value was expected and the\nidentifier exists but it belongs to a different namespace.\n\nErroneous code example:\n\n```compile_fail,E0423\nstruct Foo { a: bool };\n\nlet f = Foo();\n// error: expected function, tuple struct or tuple variant, found `Foo`\n// `Foo` is a struct name, but this expression uses it like a function name\n```\n\nPlease verify you didn't misspell the name of what you actually wanted to use\nhere. Example:\n\n```\nfn Foo() -> u32 { 0 }\n\nlet f = Foo(); // ok!\n```\n\nIt is common to forget the trailing `!` on macro invocations, which would also\nyield this error:\n\n```compile_fail,E0423\nprintln(\"\");\n// error: expected function, tuple struct or tuple variant,\n// found macro `println`\n// did you mean `println!(...)`? (notice the trailing `!`)\n```\n\nAnother case where this error is emitted is when a value is expected, but\nsomething else is found:\n\n```compile_fail,E0423\npub mod a {\n    pub const I: i32 = 1;\n}\n\nfn h1() -> i32 {\n    a.I\n    //~^ ERROR expected value, found module `a`\n    // did you mean `a::I`?\n}\n```\n"},"level":"error","spans":[{"file_name":"me/src/order_book.rs","byte_start":1159,"byte_end":1163,"line_start":40,"line_end":40,"column_start":36,"column_end":40,"is_primary":true,"text":[{"text":"        let is_buy = taker.side == Side.Buy;","highlight_start":36,"highlight_end":40}],"label":null,"suggested_replacement":null,"suggestion_applicability":null,"expansion":null}],"children":[{"message":"use the path separator to refer to a variant","code":null,"level":"help","spans":[{"file_name":"me/src/order_book.rs","byte_start":1163,"byte_end":1164,"line_start":40,"line_end":40,"column_start":40,"column_end":41,"is_primary":true,"text":[{"text":"        let is_buy = taker.side == Side.Buy;","highlight_start":40,"highlight_end":41}],"label":null,"suggested_replacement":"::","suggestion_applicability":"MaybeIncorrect","expansion":null}],"children":[],"rendered":null}],"rendered":"\u001b[1m\u001b[91merror[E0423]\u001b[0m\u001b[1m: expected value, found enum `Side`\u001b[0m\n  \u001b[1m\u001b[94m--> \u001b[0mme/src/order_book.rs:40:36\n   \u001b[1m\u001b[94m|\u001b[0m\n\u001b[1m\u001b[94m40\u001b[0m \u001b[1m\u001b[94m|\u001b[0m         let is_buy = taker.side == Side.Buy;\n   \u001b[1m\u001b[94m|\u001b[0m                                    \u001b[1m\u001b[91m^^^^\u001b[0m\n   \u001b[1m\u001b[94m|\u001b[0m\n\u001b[1m\u001b[96mhelp\u001b[0m: use the path separator to refer to a variant\n   \u001b[1m\u001b[94m|\u001b[0m\n\u001b[1m\u001b[94m40\u001b[0m \u001b[91m- \u001b[0m        let is_buy = taker.side == Side\u001b[91m.\u001b[0mBuy;\n\u001b[1m\u001b[94m40\u001b[0m \u001b[92m+ \u001b[0m        let is_buy = taker.side == Side\u001b[92m::\u001b[0mBuy;\n   \u001b[1m\u001b[94m|\u001b[0m\n\n"}
{"$message_type":"diagnostic","message":"aborting due to 3 previous errors","code":null,"level":"error","spans":[],"children":[],"rendered":"\u001b[1m\u001b[91merror\u001b[0m\u001b[1m: aborting due to 3 previous errors\u001b[0m\n\n"}
{"$message_type":"diagnostic","message":"Some errors have detailed explanations: E0423, E0433.","code":null,"level":"failure-note","spans":[],"children":[],"rendered":"\u001b[1mSome errors have detailed explanations: E0423, E0433.\u001b[0m\n"}
{"$message_type":"diagnostic","message":"For more information about an error, try `rustc --explain E0423`.","code":null,"level":"failure-note","spans":[],"children":[],"rendered":"\u001b[1mFor more information about an error, try `rustc --explain E0423`.\u001b[0m\n"}
